<?xml version="1.0" encoding="UTF-8"?>
<testng-results skipped="0" failed="3" ignored="0" total="19" passed="16">
  <reporter-output>
  </reporter-output>
  <suite name="Surefire suite" duration-ms="219790" started-at="2022-09-13T13:04:19 EET" finished-at="2022-09-13T13:07:58 EET">
    <groups>
      <group name="cucumber">
        <method signature="AbstractTestNGCucumberTests.runScenario(io.cucumber.testng.PickleWrapper,io.cucumber.testng.FeatureWrapper)[pri:0, instance:org.example.testRunner.runners@1500955a]" name="runScenario" class="io.cucumber.testng.AbstractTestNGCucumberTests"/>
      </group> <!-- cucumber -->
    </groups>
    <test name="Surefire test" duration-ms="219790" started-at="2022-09-13T13:04:19 EET" finished-at="2022-09-13T13:07:58 EET">
      <class name="org.example.testRunner.runners">
        <test-method status="PASS" signature="setUpClass(org.testng.ITestContext)[pri:0, instance:org.example.testRunner.runners@1500955a]" name="setUpClass" is-config="true" duration-ms="615" started-at="2022-09-13T13:04:19 EET" finished-at="2022-09-13T13:04:19 EET">
          <params>
            <param index="0">
              <value>
                <![CDATA[org.testng.TestRunner@d25e878]]>
              </value>
            </param>
          </params>
          <reporter-output>
          </reporter-output>
        </test-method> <!-- setUpClass -->
        <test-method status="PASS" signature="runScenario(io.cucumber.testng.PickleWrapper,io.cucumber.testng.FeatureWrapper)[pri:0, instance:org.example.testRunner.runners@1500955a]" name="runScenario" duration-ms="15348" started-at="2022-09-13T13:04:19 EET" description="Runs Cucumber Scenarios" data-provider="scenarios" finished-at="2022-09-13T13:04:35 EET">
          <params>
            <param index="0">
              <value>
                <![CDATA["guest user could register with valid data successfully"]]>
              </value>
            </param>
            <param index="1">
              <value>
                <![CDATA["F01_Register | users could register with new accounts"]]>
              </value>
            </param>
          </params>
          <reporter-output>
          </reporter-output>
        </test-method> <!-- runScenario -->
        <test-method status="PASS" signature="runScenario(io.cucumber.testng.PickleWrapper,io.cucumber.testng.FeatureWrapper)[pri:0, instance:org.example.testRunner.runners@1500955a]" name="runScenario" duration-ms="13279" started-at="2022-09-13T13:04:35 EET" description="Runs Cucumber Scenarios" data-provider="scenarios" finished-at="2022-09-13T13:04:48 EET">
          <params>
            <param index="0">
              <value>
                <![CDATA["user could login with valid email and password"]]>
              </value>
            </param>
            <param index="1">
              <value>
                <![CDATA["F02_Login | users could use login functionality to use their accounts"]]>
              </value>
            </param>
          </params>
          <reporter-output>
          </reporter-output>
        </test-method> <!-- runScenario -->
        <test-method status="PASS" signature="runScenario(io.cucumber.testng.PickleWrapper,io.cucumber.testng.FeatureWrapper)[pri:0, instance:org.example.testRunner.runners@1500955a]" name="runScenario" duration-ms="12509" started-at="2022-09-13T13:04:48 EET" description="Runs Cucumber Scenarios" data-provider="scenarios" finished-at="2022-09-13T13:05:00 EET">
          <params>
            <param index="0">
              <value>
                <![CDATA["user could login with invalid email and password"]]>
              </value>
            </param>
            <param index="1">
              <value>
                <![CDATA["F02_Login | users could use login functionality to use their accounts"]]>
              </value>
            </param>
          </params>
          <reporter-output>
          </reporter-output>
        </test-method> <!-- runScenario -->
        <test-method status="PASS" signature="runScenario(io.cucumber.testng.PickleWrapper,io.cucumber.testng.FeatureWrapper)[pri:0, instance:org.example.testRunner.runners@1500955a]" name="runScenario" duration-ms="8672" started-at="2022-09-13T13:05:00 EET" description="Runs Cucumber Scenarios" data-provider="scenarios" finished-at="2022-09-13T13:05:09 EET">
          <params>
            <param index="0">
              <value>
                <![CDATA["Select Euro currency from the  list on the top left of home page"]]>
              </value>
            </param>
            <param index="1">
              <value>
                <![CDATA["F03 | Change Currency to EURO and apply for all products"]]>
              </value>
            </param>
          </params>
          <reporter-output>
          </reporter-output>
        </test-method> <!-- runScenario -->
        <test-method status="PASS" signature="runScenario(io.cucumber.testng.PickleWrapper,io.cucumber.testng.FeatureWrapper)[pri:0, instance:org.example.testRunner.runners@1500955a]" name="runScenario" duration-ms="17173" started-at="2022-09-13T13:05:09 EET" description="Runs Cucumber Scenarios" data-provider="scenarios" finished-at="2022-09-13T13:05:26 EET">
          <params>
            <param index="0">
              <value>
                <![CDATA["User will search for products with Name"]]>
              </value>
            </param>
            <param index="1">
              <value>
                <![CDATA["F04 | User will search for products with different parameters"]]>
              </value>
            </param>
          </params>
          <reporter-output>
          </reporter-output>
        </test-method> <!-- runScenario -->
        <test-method status="PASS" signature="runScenario(io.cucumber.testng.PickleWrapper,io.cucumber.testng.FeatureWrapper)[pri:0, instance:org.example.testRunner.runners@1500955a]" name="runScenario" duration-ms="17234" started-at="2022-09-13T13:05:26 EET" description="Runs Cucumber Scenarios" data-provider="scenarios" finished-at="2022-09-13T13:05:44 EET">
          <params>
            <param index="0">
              <value>
                <![CDATA["User will search for products with Name"]]>
              </value>
            </param>
            <param index="1">
              <value>
                <![CDATA["F04 | User will search for products with different parameters"]]>
              </value>
            </param>
          </params>
          <reporter-output>
          </reporter-output>
        </test-method> <!-- runScenario -->
        <test-method status="PASS" signature="runScenario(io.cucumber.testng.PickleWrapper,io.cucumber.testng.FeatureWrapper)[pri:0, instance:org.example.testRunner.runners@1500955a]" name="runScenario" duration-ms="17172" started-at="2022-09-13T13:05:44 EET" description="Runs Cucumber Scenarios" data-provider="scenarios" finished-at="2022-09-13T13:06:01 EET">
          <params>
            <param index="0">
              <value>
                <![CDATA["User will search for products with Name"]]>
              </value>
            </param>
            <param index="1">
              <value>
                <![CDATA["F04 | User will search for products with different parameters"]]>
              </value>
            </param>
          </params>
          <reporter-output>
          </reporter-output>
        </test-method> <!-- runScenario -->
        <test-method status="PASS" signature="runScenario(io.cucumber.testng.PickleWrapper,io.cucumber.testng.FeatureWrapper)[pri:0, instance:org.example.testRunner.runners@1500955a]" name="runScenario" duration-ms="9049" started-at="2022-09-13T13:06:01 EET" description="Runs Cucumber Scenarios" data-provider="scenarios" finished-at="2022-09-13T13:06:10 EET">
          <params>
            <param index="0">
              <value>
                <![CDATA["User will search for products with SKU"]]>
              </value>
            </param>
            <param index="1">
              <value>
                <![CDATA["F04 | User will search for products with different parameters"]]>
              </value>
            </param>
          </params>
          <reporter-output>
          </reporter-output>
        </test-method> <!-- runScenario -->
        <test-method status="PASS" signature="runScenario(io.cucumber.testng.PickleWrapper,io.cucumber.testng.FeatureWrapper)[pri:0, instance:org.example.testRunner.runners@1500955a]" name="runScenario" duration-ms="9388" started-at="2022-09-13T13:06:10 EET" description="Runs Cucumber Scenarios" data-provider="scenarios" finished-at="2022-09-13T13:06:19 EET">
          <params>
            <param index="0">
              <value>
                <![CDATA["User will search for products with SKU"]]>
              </value>
            </param>
            <param index="1">
              <value>
                <![CDATA["F04 | User will search for products with different parameters"]]>
              </value>
            </param>
          </params>
          <reporter-output>
          </reporter-output>
        </test-method> <!-- runScenario -->
        <test-method status="PASS" signature="runScenario(io.cucumber.testng.PickleWrapper,io.cucumber.testng.FeatureWrapper)[pri:0, instance:org.example.testRunner.runners@1500955a]" name="runScenario" duration-ms="10649" started-at="2022-09-13T13:06:19 EET" description="Runs Cucumber Scenarios" data-provider="scenarios" finished-at="2022-09-13T13:06:30 EET">
          <params>
            <param index="0">
              <value>
                <![CDATA["User will search for products with SKU"]]>
              </value>
            </param>
            <param index="1">
              <value>
                <![CDATA["F04 | User will search for products with different parameters"]]>
              </value>
            </param>
          </params>
          <reporter-output>
          </reporter-output>
        </test-method> <!-- runScenario -->
        <test-method status="PASS" signature="runScenario(io.cucumber.testng.PickleWrapper,io.cucumber.testng.FeatureWrapper)[pri:0, instance:org.example.testRunner.runners@1500955a]" name="runScenario" duration-ms="7367" started-at="2022-09-13T13:06:30 EET" description="Runs Cucumber Scenarios" data-provider="scenarios" finished-at="2022-09-13T13:06:37 EET">
          <params>
            <param index="0">
              <value>
                <![CDATA["user could choose Main categories then Subcategory"]]>
              </value>
            </param>
            <param index="1">
              <value>
                <![CDATA["User hoover categories"]]>
              </value>
            </param>
          </params>
          <reporter-output>
          </reporter-output>
        </test-method> <!-- runScenario -->
        <test-method status="FAIL" signature="runScenario(io.cucumber.testng.PickleWrapper,io.cucumber.testng.FeatureWrapper)[pri:0, instance:org.example.testRunner.runners@1500955a]" name="runScenario" duration-ms="6052" started-at="2022-09-13T13:06:37 EET" description="Runs Cucumber Scenarios" data-provider="scenarios" finished-at="2022-09-13T13:06:43 EET">
          <params>
            <param index="0">
              <value>
                <![CDATA["when click on first slider to direct user to nokia-lumia-1020 (fail)"]]>
              </value>
            </param>
            <param index="1">
              <value>
                <![CDATA["Slider Navigation"]]>
              </value>
            </param>
          </params>
          <exception class="java.lang.AssertionError">
            <message>
              <![CDATA[expected [https://demo.nopcommerce.com/nokia-lumia-1020] but found [https://demo.nopcommerce.com/]]]>
            </message>
            <full-stacktrace>
              <![CDATA[java.lang.AssertionError: expected [https://demo.nopcommerce.com/nokia-lumia-1020] but found [https://demo.nopcommerce.com/]
at org.testng.Assert.fail(Assert.java:110)
at org.testng.Assert.failNotEquals(Assert.java:1413)
at org.testng.Assert.assertEqualsImpl(Assert.java:149)
at org.testng.Assert.assertEquals(Assert.java:131)
at org.testng.Assert.assertEquals(Assert.java:655)
at org.testng.Assert.assertEquals(Assert.java:665)
at org.example.stepDefs.D06_homeSlidersStepDef.clickOnSlider(D06_homeSlidersStepDef.java:23)
at ✽.click on slider Then User to redirect to uncorrect site(file:///C:/AutomationProjectCohort/demonopcommerce/src/main/resources/features/F06_homeSliders.feature:4)
]]>
            </full-stacktrace>
          </exception> <!-- java.lang.AssertionError -->
          <reporter-output>
          </reporter-output>
        </test-method> <!-- runScenario -->
        <test-method status="FAIL" signature="runScenario(io.cucumber.testng.PickleWrapper,io.cucumber.testng.FeatureWrapper)[pri:0, instance:org.example.testRunner.runners@1500955a]" name="runScenario" duration-ms="11289" started-at="2022-09-13T13:06:43 EET" description="Runs Cucumber Scenarios" data-provider="scenarios" finished-at="2022-09-13T13:06:55 EET">
          <params>
            <param index="0">
              <value>
                <![CDATA["when click on next slider to direct user to iPhone (fail)"]]>
              </value>
            </param>
            <param index="1">
              <value>
                <![CDATA["Slider Navigation"]]>
              </value>
            </param>
          </params>
          <exception class="org.openqa.selenium.TimeoutException">
            <message>
              <![CDATA[Expected condition failed: waiting for title to contain "https://demo.nopcommerce.com/iphone-6". Current title: "nopCommerce demo store" (tried for 5 second(s) with 500 milliseconds interval)
Build info: version: '4.4.0', revision: 'e5c75ed026a'
System info: host: 'LAPTOP-VF13KVV6', ip: '192.168.8.101', os.name: 'Windows 10', os.arch: 'amd64', os.version: '10.0', java.version: '1.8.0_341'
Driver info: org.openqa.selenium.chrome.ChromeDriver
Capabilities {acceptInsecureCerts: false, browserName: chrome, browserVersion: 105.0.5195.102, chrome: {chromedriverVersion: 105.0.5195.52 (412c95e51883..., userDataDir: C:\Users\halas\AppData\Loca...}, goog:chromeOptions: {debuggerAddress: localhost:63303}, networkConnectionEnabled: false, pageLoadStrategy: normal, platformName: WINDOWS, proxy: Proxy(), se:cdp: ws://localhost:63303/devtoo..., se:cdpVersion: 105.0.5195.102, setWindowRect: true, strictFileInteractability: false, timeouts: {implicit: 0, pageLoad: 300000, script: 30000}, unhandledPromptBehavior: dismiss and notify, webauthn:extension:credBlob: true, webauthn:extension:largeBlob: true, webauthn:virtualAuthenticators: true}
Session ID: 7784ebe2ad8fb55c774a69ab70d9f137]]>
            </message>
            <full-stacktrace>
              <![CDATA[org.openqa.selenium.TimeoutException: Expected condition failed: waiting for title to contain "https://demo.nopcommerce.com/iphone-6". Current title: "nopCommerce demo store" (tried for 5 second(s) with 500 milliseconds interval)
Build info: version: '4.4.0', revision: 'e5c75ed026a'
System info: host: 'LAPTOP-VF13KVV6', ip: '192.168.8.101', os.name: 'Windows 10', os.arch: 'amd64', os.version: '10.0', java.version: '1.8.0_341'
Driver info: org.openqa.selenium.chrome.ChromeDriver
Capabilities {acceptInsecureCerts: false, browserName: chrome, browserVersion: 105.0.5195.102, chrome: {chromedriverVersion: 105.0.5195.52 (412c95e51883..., userDataDir: C:\Users\halas\AppData\Loca...}, goog:chromeOptions: {debuggerAddress: localhost:63303}, networkConnectionEnabled: false, pageLoadStrategy: normal, platformName: WINDOWS, proxy: Proxy(), se:cdp: ws://localhost:63303/devtoo..., se:cdpVersion: 105.0.5195.102, setWindowRect: true, strictFileInteractability: false, timeouts: {implicit: 0, pageLoad: 300000, script: 30000}, unhandledPromptBehavior: dismiss and notify, webauthn:extension:credBlob: true, webauthn:extension:largeBlob: true, webauthn:virtualAuthenticators: true}
Session ID: 7784ebe2ad8fb55c774a69ab70d9f137
at org.openqa.selenium.support.ui.WebDriverWait.timeoutException(WebDriverWait.java:87)
at org.openqa.selenium.support.ui.FluentWait.until(FluentWait.java:231)
at org.example.stepDefs.D06_homeSlidersStepDef.clickOnTheSecondSlider(D06_homeSlidersStepDef.java:32)
at ✽.click on The second slider(file:///C:/AutomationProjectCohort/demonopcommerce/src/main/resources/features/F06_homeSliders.feature:10)
]]>
            </full-stacktrace>
          </exception> <!-- org.openqa.selenium.TimeoutException -->
          <reporter-output>
          </reporter-output>
        </test-method> <!-- runScenario -->
        <test-method status="PASS" signature="runScenario(io.cucumber.testng.PickleWrapper,io.cucumber.testng.FeatureWrapper)[pri:0, instance:org.example.testRunner.runners@1500955a]" name="runScenario" duration-ms="10290" started-at="2022-09-13T13:06:55 EET" description="Runs Cucumber Scenarios" data-provider="scenarios" finished-at="2022-09-13T13:07:05 EET">
          <params>
            <param index="0">
              <value>
                <![CDATA["User opens facebook link"]]>
              </value>
            </param>
            <param index="1">
              <value>
                <![CDATA["User can follow the site using FB, Twitter , rss and youtube"]]>
              </value>
            </param>
          </params>
          <reporter-output>
          </reporter-output>
        </test-method> <!-- runScenario -->
        <test-method status="PASS" signature="runScenario(io.cucumber.testng.PickleWrapper,io.cucumber.testng.FeatureWrapper)[pri:0, instance:org.example.testRunner.runners@1500955a]" name="runScenario" duration-ms="10249" started-at="2022-09-13T13:07:05 EET" description="Runs Cucumber Scenarios" data-provider="scenarios" finished-at="2022-09-13T13:07:15 EET">
          <params>
            <param index="0">
              <value>
                <![CDATA["User opens twitter link"]]>
              </value>
            </param>
            <param index="1">
              <value>
                <![CDATA["User can follow the site using FB, Twitter , rss and youtube"]]>
              </value>
            </param>
          </params>
          <reporter-output>
          </reporter-output>
        </test-method> <!-- runScenario -->
        <test-method status="FAIL" signature="runScenario(io.cucumber.testng.PickleWrapper,io.cucumber.testng.FeatureWrapper)[pri:0, instance:org.example.testRunner.runners@1500955a]" name="runScenario" duration-ms="10454" started-at="2022-09-13T13:07:15 EET" description="Runs Cucumber Scenarios" data-provider="scenarios" finished-at="2022-09-13T13:07:26 EET">
          <params>
            <param index="0">
              <value>
                <![CDATA["User opens rss link"]]>
              </value>
            </param>
            <param index="1">
              <value>
                <![CDATA["User can follow the site using FB, Twitter , rss and youtube"]]>
              </value>
            </param>
          </params>
          <exception class="java.lang.IndexOutOfBoundsException">
            <message>
              <![CDATA[Index: 1, Size: 1]]>
            </message>
            <full-stacktrace>
              <![CDATA[java.lang.IndexOutOfBoundsException: Index: 1, Size: 1
at java.util.ArrayList.rangeCheck(ArrayList.java:659)
at java.util.ArrayList.get(ArrayList.java:435)
at org.example.stepDefs.D07_followUsStepDef.rssIsOpenedInNewTab(D07_followUsStepDef.java:61)
at ✽.RSS is opened in new tab(file:///C:/AutomationProjectCohort/demonopcommerce/src/main/resources/features/F07_followUs.feature:13)
]]>
            </full-stacktrace>
          </exception> <!-- java.lang.IndexOutOfBoundsException -->
          <reporter-output>
          </reporter-output>
        </test-method> <!-- runScenario -->
        <test-method status="PASS" signature="runScenario(io.cucumber.testng.PickleWrapper,io.cucumber.testng.FeatureWrapper)[pri:0, instance:org.example.testRunner.runners@1500955a]" name="runScenario" duration-ms="12021" started-at="2022-09-13T13:07:26 EET" description="Runs Cucumber Scenarios" data-provider="scenarios" finished-at="2022-09-13T13:07:38 EET">
          <params>
            <param index="0">
              <value>
                <![CDATA["user opens youtube link"]]>
              </value>
            </param>
            <param index="1">
              <value>
                <![CDATA["User can follow the site using FB, Twitter , rss and youtube"]]>
              </value>
            </param>
          </params>
          <reporter-output>
          </reporter-output>
        </test-method> <!-- runScenario -->
        <test-method status="PASS" signature="runScenario(io.cucumber.testng.PickleWrapper,io.cucumber.testng.FeatureWrapper)[pri:0, instance:org.example.testRunner.runners@1500955a]" name="runScenario" duration-ms="7433" started-at="2022-09-13T13:07:38 EET" description="Runs Cucumber Scenarios" data-provider="scenarios" finished-at="2022-09-13T13:07:45 EET">
          <params>
            <param index="0">
              <value>
                <![CDATA["Add Product to the Wishlist"]]>
              </value>
            </param>
            <param index="1">
              <value>
                <![CDATA["Unknown"]]>
              </value>
            </param>
          </params>
          <reporter-output>
          </reporter-output>
        </test-method> <!-- runScenario -->
        <test-method status="PASS" signature="runScenario(io.cucumber.testng.PickleWrapper,io.cucumber.testng.FeatureWrapper)[pri:0, instance:org.example.testRunner.runners@1500955a]" name="runScenario" duration-ms="13342" started-at="2022-09-13T13:07:45 EET" description="Runs Cucumber Scenarios" data-provider="scenarios" finished-at="2022-09-13T13:07:58 EET">
          <params>
            <param index="0">
              <value>
                <![CDATA["User click on Wishlist link and Observe QTY is greater than 1"]]>
              </value>
            </param>
            <param index="1">
              <value>
                <![CDATA["Unknown"]]>
              </value>
            </param>
          </params>
          <reporter-output>
          </reporter-output>
        </test-method> <!-- runScenario -->
        <test-method status="PASS" signature="tearDownClass()[pri:0, instance:org.example.testRunner.runners@1500955a]" name="tearDownClass" is-config="true" duration-ms="159" started-at="2022-09-13T13:07:58 EET" finished-at="2022-09-13T13:07:58 EET">
          <reporter-output>
          </reporter-output>
        </test-method> <!-- tearDownClass -->
      </class> <!-- org.example.testRunner.runners -->
    </test> <!-- Surefire test -->
  </suite> <!-- Surefire suite -->
</testng-results>
