<?xml version="1.0" encoding="UTF-8" standalone="no"?>
<testsuite errors="0" failures="5" name="io.cucumber.core.plugin.JUnitFormatter" skipped="0" tests="19" time="205.672">
<testcase classname="F01_Register | users could register with new accounts" name="guest user could register with valid data successfully" time="13.534">
<system-out><![CDATA[Given user go to register page..............................................passed
When user select gender type................................................passed
And user enter first name "automation" and "tester".........................passed
When user enter date of birth...............................................passed
And user enter email "testh25@example.com"..................................passed
When user fills Password fields.............................................passed
And user clicks on register button..........................................passed
Then success message is displayed...........................................passed
]]></system-out>
</testcase>
<testcase classname="F02_Login | users could use login functionality to use their accounts" name="user could login with valid email and password" time="11.344">
<system-out><![CDATA[Given user go to login page.................................................passed
When user login "testh25@example.com" and "P@ssw0rd"........................passed
And user press on login button..............................................passed
Then user login to the system successfully..................................passed
]]></system-out>
</testcase>
<testcase classname="F02_Login | users could use login functionality to use their accounts" name="user could login with invalid email and password" time="10.874">
<system-out><![CDATA[Given user go to login page.................................................passed
When user login "wrong@example.com" and "P@ssw0rd"..........................passed
And user press on login button..............................................passed
Then user could not login to the system.....................................passed
]]></system-out>
</testcase>
<testcase classname="F03 | Change Currency to EURO and apply for all products" name="Select Euro currency from the  list on the top left of home page" time="7.579">
<system-out><![CDATA[When user select EURO from list.............................................passed
Then All produucts soould be displayed with Euro Symbol.....................passed
]]></system-out>
</testcase>
<testcase classname="F04 | User will search for products with different parameters" name="User will search for products with Name" time="7.144">
<failure message="stale element reference: element is not attached to the page document&#10;  (Session info: chrome=105.0.5195.102)&#10;For documentation on this error, please visit: https://selenium.dev/exceptions/#stale_element_reference&#10;Build info: version: '4.4.0', revision: 'e5c75ed026a'&#10;System info: host: 'LAPTOP-VF13KVV6', ip: '192.168.8.101', os.name: 'Windows 10', os.arch: 'amd64', os.version: '10.0', java.version: '1.8.0_341'&#10;Driver info: org.openqa.selenium.chrome.ChromeDriver&#10;Command: [970f11893bd18453453c464b4e44c7d3, clickElement {id=7de4bcfc-130f-49d2-9166-26f0cb85cba4}]&#10;Capabilities {acceptInsecureCerts: false, browserName: chrome, browserVersion: 105.0.5195.102, chrome: {chromedriverVersion: 105.0.5195.52 (412c95e51883..., userDataDir: C:\Users\halas\AppData\Loca...}, goog:chromeOptions: {debuggerAddress: localhost:60333}, networkConnectionEnabled: false, pageLoadStrategy: normal, platformName: WINDOWS, proxy: Proxy(), se:cdp: ws://localhost:60333/devtoo..., se:cdpVersion: 105.0.5195.102, setWindowRect: true, strictFileInteractability: false, timeouts: {implicit: 0, pageLoad: 300000, script: 30000}, unhandledPromptBehavior: dismiss and notify, webauthn:extension:credBlob: true, webauthn:extension:largeBlob: true, webauthn:virtualAuthenticators: true}&#10;Element: [[ChromeDriver: chrome on WINDOWS (970f11893bd18453453c464b4e44c7d3)] -&gt; xpath: //input[@id='small-searchterms']]&#10;Session ID: 970f11893bd18453453c464b4e44c7d3" type="org.openqa.selenium.StaleElementReferenceException"><![CDATA[When User clicks on  search field...........................................failed
And Search with "book"......................................................skipped
Then User could find "book" relative results................................skipped

StackTrace:
org.openqa.selenium.StaleElementReferenceException: stale element reference: element is not attached to the page document
  (Session info: chrome=105.0.5195.102)
For documentation on this error, please visit: https://selenium.dev/exceptions/#stale_element_reference
Build info: version: '4.4.0', revision: 'e5c75ed026a'
System info: host: 'LAPTOP-VF13KVV6', ip: '192.168.8.101', os.name: 'Windows 10', os.arch: 'amd64', os.version: '10.0', java.version: '1.8.0_341'
Driver info: org.openqa.selenium.chrome.ChromeDriver
Command: [970f11893bd18453453c464b4e44c7d3, clickElement {id=7de4bcfc-130f-49d2-9166-26f0cb85cba4}]
Capabilities {acceptInsecureCerts: false, browserName: chrome, browserVersion: 105.0.5195.102, chrome: {chromedriverVersion: 105.0.5195.52 (412c95e51883..., userDataDir: C:\Users\halas\AppData\Loca...}, goog:chromeOptions: {debuggerAddress: localhost:60333}, networkConnectionEnabled: false, pageLoadStrategy: normal, platformName: WINDOWS, proxy: Proxy(), se:cdp: ws://localhost:60333/devtoo..., se:cdpVersion: 105.0.5195.102, setWindowRect: true, strictFileInteractability: false, timeouts: {implicit: 0, pageLoad: 300000, script: 30000}, unhandledPromptBehavior: dismiss and notify, webauthn:extension:credBlob: true, webauthn:extension:largeBlob: true, webauthn:virtualAuthenticators: true}
Element: [[ChromeDriver: chrome on WINDOWS (970f11893bd18453453c464b4e44c7d3)] -> xpath: //input[@id='small-searchterms']]
Session ID: 970f11893bd18453453c464b4e44c7d3
	at sun.reflect.NativeConstructorAccessorImpl.newInstance0(Native Method)
	at sun.reflect.NativeConstructorAccessorImpl.newInstance(NativeConstructorAccessorImpl.java:62)
	at sun.reflect.DelegatingConstructorAccessorImpl.newInstance(DelegatingConstructorAccessorImpl.java:45)
	at java.lang.reflect.Constructor.newInstance(Constructor.java:423)
	at org.openqa.selenium.remote.codec.w3c.W3CHttpResponseCodec.createException(W3CHttpResponseCodec.java:200)
	at org.openqa.selenium.remote.codec.w3c.W3CHttpResponseCodec.decode(W3CHttpResponseCodec.java:133)
	at org.openqa.selenium.remote.codec.w3c.W3CHttpResponseCodec.decode(W3CHttpResponseCodec.java:53)
	at org.openqa.selenium.remote.HttpCommandExecutor.execute(HttpCommandExecutor.java:184)
	at org.openqa.selenium.remote.service.DriverCommandExecutor.invokeExecute(DriverCommandExecutor.java:167)
	at org.openqa.selenium.remote.service.DriverCommandExecutor.execute(DriverCommandExecutor.java:142)
	at org.openqa.selenium.remote.RemoteWebDriver.execute(RemoteWebDriver.java:547)
	at org.openqa.selenium.remote.RemoteWebElement.execute(RemoteWebElement.java:257)
	at org.openqa.selenium.remote.RemoteWebElement.click(RemoteWebElement.java:78)
	at org.example.stepDefs.D04_searchStepDef.userClicksOnSearchField(D04_searchStepDef.java:16)
	at ✽.User clicks on  search field(file:///C:/AutomationProjectCohort/demonopcommerce/CommerceProject/Commerce2/src/main/resources/features/F04_Search.feature:4)
]]></failure>
</testcase>
<testcase classname="F04 | User will search for products with different parameters" name="User will search for products with Name 2" time="17.33">
<system-out><![CDATA[When User clicks on  search field...........................................passed
And Search with "laptop"....................................................passed
Then User could find "laptop" relative results..............................passed
]]></system-out>
</testcase>
<testcase classname="F04 | User will search for products with different parameters" name="User will search for products with Name 3" time="17.433">
<system-out><![CDATA[When User clicks on  search field...........................................passed
And Search with "nike"......................................................passed
Then User could find "nike" relative results................................passed
]]></system-out>
</testcase>
<testcase classname="F04 | User will search for products with different parameters" name="User will search for products with SKU" time="15.807">
<failure message="no such element: Unable to locate element: {&quot;method&quot;:&quot;xpath&quot;,&quot;selector&quot;:&quot;//input[@id='small-searchterms']&quot;}&#10;  (Session info: chrome=105.0.5195.102)&#10;For documentation on this error, please visit: https://selenium.dev/exceptions/#no_such_element&#10;Build info: version: '4.4.0', revision: 'e5c75ed026a'&#10;System info: host: 'LAPTOP-VF13KVV6', ip: '192.168.8.101', os.name: 'Windows 10', os.arch: 'amd64', os.version: '10.0', java.version: '1.8.0_341'&#10;Driver info: org.openqa.selenium.chrome.ChromeDriver&#10;Command: [434eb26b2b0dd1c982d522938f1a4908, findElement {using=xpath, value=//input[@id='small-searchterms']}]&#10;Capabilities {acceptInsecureCerts: false, browserName: chrome, browserVersion: 105.0.5195.102, chrome: {chromedriverVersion: 105.0.5195.52 (412c95e51883..., userDataDir: C:\Users\halas\AppData\Loca...}, goog:chromeOptions: {debuggerAddress: localhost:60428}, networkConnectionEnabled: false, pageLoadStrategy: normal, platformName: WINDOWS, proxy: Proxy(), se:cdp: ws://localhost:60428/devtoo..., se:cdpVersion: 105.0.5195.102, setWindowRect: true, strictFileInteractability: false, timeouts: {implicit: 0, pageLoad: 300000, script: 30000}, unhandledPromptBehavior: dismiss and notify, webauthn:extension:credBlob: true, webauthn:extension:largeBlob: true, webauthn:virtualAuthenticators: true}&#10;Session ID: 434eb26b2b0dd1c982d522938f1a4908" type="org.openqa.selenium.NoSuchElementException"><![CDATA[When User clicks on  search field...........................................failed
And Search with "SCI_FAITH".................................................skipped
Then User could find "SCI_FAITH" product details page.......................skipped

StackTrace:
org.openqa.selenium.NoSuchElementException: no such element: Unable to locate element: {"method":"xpath","selector":"//input[@id='small-searchterms']"}
  (Session info: chrome=105.0.5195.102)
For documentation on this error, please visit: https://selenium.dev/exceptions/#no_such_element
Build info: version: '4.4.0', revision: 'e5c75ed026a'
System info: host: 'LAPTOP-VF13KVV6', ip: '192.168.8.101', os.name: 'Windows 10', os.arch: 'amd64', os.version: '10.0', java.version: '1.8.0_341'
Driver info: org.openqa.selenium.chrome.ChromeDriver
Command: [434eb26b2b0dd1c982d522938f1a4908, findElement {using=xpath, value=//input[@id='small-searchterms']}]
Capabilities {acceptInsecureCerts: false, browserName: chrome, browserVersion: 105.0.5195.102, chrome: {chromedriverVersion: 105.0.5195.52 (412c95e51883..., userDataDir: C:\Users\halas\AppData\Loca...}, goog:chromeOptions: {debuggerAddress: localhost:60428}, networkConnectionEnabled: false, pageLoadStrategy: normal, platformName: WINDOWS, proxy: Proxy(), se:cdp: ws://localhost:60428/devtoo..., se:cdpVersion: 105.0.5195.102, setWindowRect: true, strictFileInteractability: false, timeouts: {implicit: 0, pageLoad: 300000, script: 30000}, unhandledPromptBehavior: dismiss and notify, webauthn:extension:credBlob: true, webauthn:extension:largeBlob: true, webauthn:virtualAuthenticators: true}
Session ID: 434eb26b2b0dd1c982d522938f1a4908
	at sun.reflect.NativeConstructorAccessorImpl.newInstance0(Native Method)
	at sun.reflect.NativeConstructorAccessorImpl.newInstance(NativeConstructorAccessorImpl.java:62)
	at sun.reflect.DelegatingConstructorAccessorImpl.newInstance(DelegatingConstructorAccessorImpl.java:45)
	at java.lang.reflect.Constructor.newInstance(Constructor.java:423)
	at org.openqa.selenium.remote.codec.w3c.W3CHttpResponseCodec.createException(W3CHttpResponseCodec.java:200)
	at org.openqa.selenium.remote.codec.w3c.W3CHttpResponseCodec.decode(W3CHttpResponseCodec.java:133)
	at org.openqa.selenium.remote.codec.w3c.W3CHttpResponseCodec.decode(W3CHttpResponseCodec.java:53)
	at org.openqa.selenium.remote.HttpCommandExecutor.execute(HttpCommandExecutor.java:184)
	at org.openqa.selenium.remote.service.DriverCommandExecutor.invokeExecute(DriverCommandExecutor.java:167)
	at org.openqa.selenium.remote.service.DriverCommandExecutor.execute(DriverCommandExecutor.java:142)
	at org.openqa.selenium.remote.RemoteWebDriver.execute(RemoteWebDriver.java:547)
	at org.openqa.selenium.remote.ElementLocation$ElementFinder$2.findElement(ElementLocation.java:162)
	at org.openqa.selenium.remote.ElementLocation.findElement(ElementLocation.java:60)
	at org.openqa.selenium.remote.RemoteWebDriver.findElement(RemoteWebDriver.java:365)
	at org.openqa.selenium.remote.RemoteWebDriver.findElement(RemoteWebDriver.java:357)
	at org.example.pages.P03_homePage.searchTxtBox(P03_homePage.java:23)
	at org.example.stepDefs.D04_searchStepDef.userClicksOnSearchField(D04_searchStepDef.java:16)
	at ✽.User clicks on  search field(file:///C:/AutomationProjectCohort/demonopcommerce/CommerceProject/Commerce2/src/main/resources/features/F04_Search.feature:14)
]]></failure>
</testcase>
<testcase classname="F04 | User will search for products with different parameters" name="User will search for products with SKU 2" time="9.361">
<system-out><![CDATA[When User clicks on  search field...........................................passed
And Search with "APPLE_CAM".................................................passed
Then User could find "APPLE_CAM" product details page.......................passed
]]></system-out>
</testcase>
<testcase classname="F04 | User will search for products with different parameters" name="User will search for products with SKU 3" time="9.056">
<system-out><![CDATA[When User clicks on  search field...........................................passed
And Search with "SF_PRO_11".................................................passed
Then User could find "SF_PRO_11" product details page.......................passed
]]></system-out>
</testcase>
<testcase classname="User hoover categories" name="user hoover on Main Category and select the sub to display" time="7.265">
<system-out><![CDATA[When user hoover on any Main category then select the sub...................passed
Then Page is displayed with the title which user select.....................passed
]]></system-out>
</testcase>
<testcase classname="Slider Navigation" name="when click on first slider to direct user to nokia-lumia-1020 (fail)" time="6.116">
<failure message="expected [https://demo.nopcommerce.com/nokia-lumia-1020] but found [https://demo.nopcommerce.com/]" type="java.lang.AssertionError"><![CDATA[When click on slider Then User to redirect to uncorrect site................failed

StackTrace:
java.lang.AssertionError: expected [https://demo.nopcommerce.com/nokia-lumia-1020] but found [https://demo.nopcommerce.com/]
	at org.testng.Assert.fail(Assert.java:110)
	at org.testng.Assert.failNotEquals(Assert.java:1413)
	at org.testng.Assert.assertEqualsImpl(Assert.java:149)
	at org.testng.Assert.assertEquals(Assert.java:131)
	at org.testng.Assert.assertEquals(Assert.java:655)
	at org.testng.Assert.assertEquals(Assert.java:665)
	at org.example.stepDefs.D06_homeSlidersStepDef.clickOnSlider(D06_homeSlidersStepDef.java:23)
	at ✽.click on slider Then User to redirect to uncorrect site(file:///C:/AutomationProjectCohort/demonopcommerce/CommerceProject/Commerce2/src/main/resources/features/F06_homeSliders.feature:4)
]]></failure>
</testcase>
<testcase classname="Slider Navigation" name="when click on next slider to direct user to iPhone (fail)" time="11.347">
<failure message="Expected condition failed: waiting for title to contain &quot;https://demo.nopcommerce.com/iphone-6&quot;. Current title: &quot;nopCommerce demo store&quot; (tried for 5 second(s) with 500 milliseconds interval)&#10;Build info: version: '4.4.0', revision: 'e5c75ed026a'&#10;System info: host: 'LAPTOP-VF13KVV6', ip: '192.168.8.101', os.name: 'Windows 10', os.arch: 'amd64', os.version: '10.0', java.version: '1.8.0_341'&#10;Driver info: org.openqa.selenium.chrome.ChromeDriver&#10;Capabilities {acceptInsecureCerts: false, browserName: chrome, browserVersion: 105.0.5195.102, chrome: {chromedriverVersion: 105.0.5195.52 (412c95e51883..., userDataDir: C:\Users\halas\AppData\Loca...}, goog:chromeOptions: {debuggerAddress: localhost:60566}, networkConnectionEnabled: false, pageLoadStrategy: normal, platformName: WINDOWS, proxy: Proxy(), se:cdp: ws://localhost:60566/devtoo..., se:cdpVersion: 105.0.5195.102, setWindowRect: true, strictFileInteractability: false, timeouts: {implicit: 0, pageLoad: 300000, script: 30000}, unhandledPromptBehavior: dismiss and notify, webauthn:extension:credBlob: true, webauthn:extension:largeBlob: true, webauthn:virtualAuthenticators: true}&#10;Session ID: 998c33fb816d6ff9b58edf851c0d84ac" type="org.openqa.selenium.TimeoutException"><![CDATA[When click on The second slider.............................................failed
Then User to redirect to the same  site.....................................skipped

StackTrace:
org.openqa.selenium.TimeoutException: Expected condition failed: waiting for title to contain "https://demo.nopcommerce.com/iphone-6". Current title: "nopCommerce demo store" (tried for 5 second(s) with 500 milliseconds interval)
Build info: version: '4.4.0', revision: 'e5c75ed026a'
System info: host: 'LAPTOP-VF13KVV6', ip: '192.168.8.101', os.name: 'Windows 10', os.arch: 'amd64', os.version: '10.0', java.version: '1.8.0_341'
Driver info: org.openqa.selenium.chrome.ChromeDriver
Capabilities {acceptInsecureCerts: false, browserName: chrome, browserVersion: 105.0.5195.102, chrome: {chromedriverVersion: 105.0.5195.52 (412c95e51883..., userDataDir: C:\Users\halas\AppData\Loca...}, goog:chromeOptions: {debuggerAddress: localhost:60566}, networkConnectionEnabled: false, pageLoadStrategy: normal, platformName: WINDOWS, proxy: Proxy(), se:cdp: ws://localhost:60566/devtoo..., se:cdpVersion: 105.0.5195.102, setWindowRect: true, strictFileInteractability: false, timeouts: {implicit: 0, pageLoad: 300000, script: 30000}, unhandledPromptBehavior: dismiss and notify, webauthn:extension:credBlob: true, webauthn:extension:largeBlob: true, webauthn:virtualAuthenticators: true}
Session ID: 998c33fb816d6ff9b58edf851c0d84ac
	at org.openqa.selenium.support.ui.WebDriverWait.timeoutException(WebDriverWait.java:87)
	at org.openqa.selenium.support.ui.FluentWait.until(FluentWait.java:231)
	at org.example.stepDefs.D06_homeSlidersStepDef.clickOnTheSecondSlider(D06_homeSlidersStepDef.java:32)
	at ✽.click on The second slider(file:///C:/AutomationProjectCohort/demonopcommerce/CommerceProject/Commerce2/src/main/resources/features/F06_homeSliders.feature:10)
]]></failure>
</testcase>
<testcase classname="User can follow the site using FB, Twitter , rss and youtube" name="User opens facebook link" time="10.252">
<system-out><![CDATA[When User opens facebook link...............................................passed
Then "https://www.facebook.com/nopCommerce" is opened in new tab............passed
]]></system-out>
</testcase>
<testcase classname="User can follow the site using FB, Twitter , rss and youtube" name="User opens twitter link" time="10.139">
<system-out><![CDATA[When User opens twitter link................................................passed
Then Twitter is opened in new tab...........................................passed
]]></system-out>
</testcase>
<testcase classname="User can follow the site using FB, Twitter , rss and youtube" name="User opens rss link" time="8.54">
<failure message="Index: 1, Size: 1" type="java.lang.IndexOutOfBoundsException"><![CDATA[When User opens rss link....................................................passed
Then RSS is opened in new tab...............................................failed

StackTrace:
java.lang.IndexOutOfBoundsException: Index: 1, Size: 1
	at java.util.ArrayList.rangeCheck(ArrayList.java:659)
	at java.util.ArrayList.get(ArrayList.java:435)
	at org.example.stepDefs.D07_followUsStepDef.rssIsOpenedInNewTab(D07_followUsStepDef.java:61)
	at ✽.RSS is opened in new tab(file:///C:/AutomationProjectCohort/demonopcommerce/CommerceProject/Commerce2/src/main/resources/features/F07_followUs.feature:13)
]]></failure>
</testcase>
<testcase classname="User can follow the site using FB, Twitter , rss and youtube" name="user opens youtube link" time="11.55">
<system-out><![CDATA[When User opens youtube link................................................passed
Then YouTube is opened in new tab...........................................passed
]]></system-out>
</testcase>
<testcase classname="Unknown" name="Add Product to the Wishlist" time="7.239">
<system-out><![CDATA[When User click on wishlist button ❤️ on this product "HTC One M8 Android L 5.0 Lollipop".passed
Then you will see success message "The product has been added to your wishlist" with green background color.passed
]]></system-out>
</testcase>
<testcase classname="Unknown" name="User click on Wishlist link and Observe QTY is greater than 1" time="13.219">
<system-out><![CDATA[When User click on wishlist button ❤️ on this product "HTC One M8 Android L 5.0 Lollipop".passed
And Click on Wishlist Tab...................................................passed
Then Observe the Qty value and verify it's bigger than 0....................passed
]]></system-out>
</testcase>
</testsuite>
