<?xml version="1.0" encoding="UTF-8"?>
<!-- Generated by org.testng.reporters.JUnitReportReporter -->
<testsuite skipped="0" hostname="LAPTOP-VF13KVV6" name="org.example.testRunner.runners" tests="19" failures="1" timestamp="2022-09-13T13:07:59 EET" time="218.970" errors="2">
  <testcase name="runScenario" time="8.672" classname="org.example.testRunner.runners"/>
  <system-out/>
  <testcase name="runScenario" time="13.342" classname="org.example.testRunner.runners"/>
  <system-out/>
  <testcase name="runScenario" time="10.454" classname="org.example.testRunner.runners">
    <error type="java.lang.IndexOutOfBoundsException" message="Index: 1, Size: 1">
      <![CDATA[java.lang.IndexOutOfBoundsException: Index: 1, Size: 1
at java.util.ArrayList.rangeCheck(ArrayList.java:659)
at java.util.ArrayList.get(ArrayList.java:435)
at org.example.stepDefs.D07_followUsStepDef.rssIsOpenedInNewTab(D07_followUsStepDef.java:61)
at ✽.RSS is opened in new tab(file:///C:/AutomationProjectCohort/demonopcommerce/src/main/resources/features/F07_followUs.feature:13)
]]>
    </error>
  </testcase> <!-- runScenario -->
  <system-out/>
  <testcase name="runScenario" time="12.509" classname="org.example.testRunner.runners"/>
  <system-out/>
  <testcase name="runScenario" time="12.021" classname="org.example.testRunner.runners"/>
  <system-out/>
  <testcase name="runScenario" time="9.388" classname="org.example.testRunner.runners"/>
  <system-out/>
  <testcase name="runScenario" time="10.649" classname="org.example.testRunner.runners"/>
  <system-out/>
  <testcase name="runScenario" time="13.279" classname="org.example.testRunner.runners"/>
  <system-out/>
  <testcase name="runScenario" time="17.234" classname="org.example.testRunner.runners"/>
  <system-out/>
  <testcase name="runScenario" time="17.172" classname="org.example.testRunner.runners"/>
  <system-out/>
  <testcase name="runScenario" time="17.173" classname="org.example.testRunner.runners"/>
  <system-out/>
  <testcase name="runScenario" time="10.249" classname="org.example.testRunner.runners"/>
  <system-out/>
  <testcase name="runScenario" time="15.348" classname="org.example.testRunner.runners"/>
  <system-out/>
  <testcase name="runScenario" time="7.433" classname="org.example.testRunner.runners"/>
  <system-out/>
  <testcase name="runScenario" time="6.052" classname="org.example.testRunner.runners">
    <failure type="java.lang.AssertionError" message="expected [https://demo.nopcommerce.com/nokia-lumia-1020] but found [https://demo.nopcommerce.com/]">
      <![CDATA[java.lang.AssertionError: expected [https://demo.nopcommerce.com/nokia-lumia-1020] but found [https://demo.nopcommerce.com/]
at org.testng.Assert.fail(Assert.java:110)
at org.testng.Assert.failNotEquals(Assert.java:1413)
at org.testng.Assert.assertEqualsImpl(Assert.java:149)
at org.testng.Assert.assertEquals(Assert.java:131)
at org.testng.Assert.assertEquals(Assert.java:655)
at org.testng.Assert.assertEquals(Assert.java:665)
at org.example.stepDefs.D06_homeSlidersStepDef.clickOnSlider(D06_homeSlidersStepDef.java:23)
at ✽.click on slider Then User to redirect to uncorrect site(file:///C:/AutomationProjectCohort/demonopcommerce/src/main/resources/features/F06_homeSliders.feature:4)
]]>
    </failure>
  </testcase> <!-- runScenario -->
  <system-out/>
  <testcase name="runScenario" time="9.049" classname="org.example.testRunner.runners"/>
  <system-out/>
  <testcase name="runScenario" time="11.289" classname="org.example.testRunner.runners">
    <error type="org.openqa.selenium.TimeoutException" message="Expected condition failed: waiting for title to contain &quot;https://demo.nopcommerce.com/iphone-6&quot;. Current title: &quot;nopCommerce demo store&quot; (tried for 5 second(s) with 500 milliseconds interval)
Build info: version: &#039;4.4.0&#039;, revision: &#039;e5c75ed026a&#039;
System info: host: &#039;LAPTOP-VF13KVV6&#039;, ip: &#039;192.168.8.101&#039;, os.name: &#039;Windows 10&#039;, os.arch: &#039;amd64&#039;, os.version: &#039;10.0&#039;, java.version: &#039;1.8.0_341&#039;
Driver info: org.openqa.selenium.chrome.ChromeDriver
Capabilities {acceptInsecureCerts: false, browserName: chrome, browserVersion: 105.0.5195.102, chrome: {chromedriverVersion: 105.0.5195.52 (412c95e51883..., userDataDir: C:\Users\halas\AppData\Loca...}, goog:chromeOptions: {debuggerAddress: localhost:63303}, networkConnectionEnabled: false, pageLoadStrategy: normal, platformName: WINDOWS, proxy: Proxy(), se:cdp: ws://localhost:63303/devtoo..., se:cdpVersion: 105.0.5195.102, setWindowRect: true, strictFileInteractability: false, timeouts: {implicit: 0, pageLoad: 300000, script: 30000}, unhandledPromptBehavior: dismiss and notify, webauthn:extension:credBlob: true, webauthn:extension:largeBlob: true, webauthn:virtualAuthenticators: true}
Session ID: 7784ebe2ad8fb55c774a69ab70d9f137">
      <![CDATA[org.openqa.selenium.TimeoutException: Expected condition failed: waiting for title to contain "https://demo.nopcommerce.com/iphone-6". Current title: "nopCommerce demo store" (tried for 5 second(s) with 500 milliseconds interval)
Build info: version: '4.4.0', revision: 'e5c75ed026a'
System info: host: 'LAPTOP-VF13KVV6', ip: '192.168.8.101', os.name: 'Windows 10', os.arch: 'amd64', os.version: '10.0', java.version: '1.8.0_341'
Driver info: org.openqa.selenium.chrome.ChromeDriver
Capabilities {acceptInsecureCerts: false, browserName: chrome, browserVersion: 105.0.5195.102, chrome: {chromedriverVersion: 105.0.5195.52 (412c95e51883..., userDataDir: C:\Users\halas\AppData\Loca...}, goog:chromeOptions: {debuggerAddress: localhost:63303}, networkConnectionEnabled: false, pageLoadStrategy: normal, platformName: WINDOWS, proxy: Proxy(), se:cdp: ws://localhost:63303/devtoo..., se:cdpVersion: 105.0.5195.102, setWindowRect: true, strictFileInteractability: false, timeouts: {implicit: 0, pageLoad: 300000, script: 30000}, unhandledPromptBehavior: dismiss and notify, webauthn:extension:credBlob: true, webauthn:extension:largeBlob: true, webauthn:virtualAuthenticators: true}
Session ID: 7784ebe2ad8fb55c774a69ab70d9f137
at org.openqa.selenium.support.ui.WebDriverWait.timeoutException(WebDriverWait.java:87)
at org.openqa.selenium.support.ui.FluentWait.until(FluentWait.java:231)
at org.example.stepDefs.D06_homeSlidersStepDef.clickOnTheSecondSlider(D06_homeSlidersStepDef.java:32)
at ✽.click on The second slider(file:///C:/AutomationProjectCohort/demonopcommerce/src/main/resources/features/F06_homeSliders.feature:10)
]]>
    </error>
  </testcase> <!-- runScenario -->
  <system-out/>
  <testcase name="runScenario" time="7.367" classname="org.example.testRunner.runners"/>
  <system-out/>
  <testcase name="runScenario" time="10.290" classname="org.example.testRunner.runners"/>
  <system-out/>
</testsuite> <!-- org.example.testRunner.runners -->
